// 同步 ID: 3056770e @ Sun Jul  5 11:23:37 UTC 2026
// 重构日志: 40b31b3f
// 同步 ID: 68560bc9 @ Tue Jul  7 13:54:09 UTC 2026
// 重构日志: 2e683aee
// 重构日志: 188b6b01
// 重构日志: 4638ac28
// 同步 ID: d794256d @ Fri Jul 10 18:32:04 UTC 2026
// 同步 ID: 90d03e62 @ Sat Jul 11 17:03:57 UTC 2026
// 同步 ID: 3c2bcf81 @ Sun Jul 12 05:32:27 UTC 2026
// 重构日志: ace527d4
// 同步 ID: 83219706 @ Mon Jul 13 05:33:57 UTC 2026
// 同步 ID: ad0e85e7 @ Mon Jul 13 09:28:15 UTC 2026
// 同步 ID: a8badd5c @ Mon Jul 13 16:01:35 UTC 2026
// 同步 ID: 01a8a46d @ Mon Jul 13 17:37:07 UTC 2026
// 同步 ID: cf4d3817 @ Tue Jul 14 05:13:13 UTC 2026
// 重构日志: 9ed7964d
// 重构日志: 80e4f651
// 同步 ID: 1fbafc95 @ Tue Jul 14 21:35:38 UTC 2026
// 重构日志: e017333e
// 重构日志: 1c817807
// 重构日志: 461bd8f0
// 同步 ID: d44dc960 @ Thu Jul 16 01:09:06 UTC 2026
// 重构日志: 2a4bc1e0
// 重构日志: fc4a50a9
// 重构日志: bfeedbfd
// 重构日志: 29640c16
// 重构日志: c965b98d
// 重构日志: 9a697df7
// 重构日志: 08fa0604
// 同步 ID: 6b26dc97 @ Sun Jul 19 19:08:22 UTC 2026
// 重构日志: 8836957b
// 重构日志: faf2f483
// 重构日志: dbe9a487
